2023-09-18 17:10:47:1047 [32minfo[39m: [32mAplicação está rodando na porta: 3000[39m
2023-09-18 17:11:05 [32minfo[39m: [32mAplicação está rodando na porta: 3000[39m
18-09-2023 17:11:25 [32minfo[39m: [32mAplicação está rodando na porta: 3000[39m
18-09-2023 17:12:25 [32minfo[39m: [32mConectou ao banco de dados![39m
18-09-2023 17:12:25 [32minfo[39m: [32mAplicação está rodando na porta: 3000[39m
18-09-2023 17:13:18 [32minfo[39m: [32mConectou ao banco de dados![39m
18-09-2023 17:13:18 [32minfo[39m: [32mAplicação está rodando na porta: 3000[39m
18-09-2023 17:13:43 [31merror[39m: [31mErro ao conectar ao banco de dados![39m
18-09-2023 17:13:43 [31merror[39m: [31mErro: Error: querySrv ENOTFOUND _mongodb._tcp.cluster0.8tuuqf0.mongodb.net[39m
18-09-2023 17:13:43 [32minfo[39m: [32mAplicação está rodando na porta: 3000[39m
18-09-2023 17:13:51 [32minfo[39m: [32mConectou ao banco de dados![39m
18-09-2023 17:13:51 [32minfo[39m: [32mAplicação está rodando na porta: 3000[39m
18-09-2023 17:14:32 [32minfo[39m: [32mConectou ao banco de dados![39m
18-09-2023 17:14:32 [32minfo[39m: [32mAplicação está rodando na porta: 3000[39m
18-09-2023 17:14:53 [31merror[39m: [31mErro ao conectar ao banco de dados![39m
18-09-2023 17:15:19 [32minfo[39m: [32mConectou ao banco de dados![39m
18-09-2023 17:15:19 [32minfo[39m: [32mAplicação está rodando na porta: 3000[39m
19-09-2023 10:32:19 [32minfo[39m: [32mConectou ao banco de dados![39m
19-09-2023 10:32:19 [32minfo[39m: [32mAplicação está rodando na porta: 3000[39m
19-09-2023 10:32:34 [35mhttp[39m: [35mGET /api/test 200 12 - 3.972 ms[39m
[35m[39m
19-09-2023 10:50:15 [32minfo[39m: [32mConectou ao banco de dados![39m
19-09-2023 10:50:15 [32minfo[39m: [32mAplicação está rodando na porta: 3000[39m
19-09-2023 10:51:48 [35mhttp[39m: [35mPOST /api/movie 200 22 - 3.048 ms[39m
[35m[39m
19-09-2023 11:02:04 [32minfo[39m: [32mConectou ao banco de dados![39m
19-09-2023 11:02:04 [32minfo[39m: [32mAplicação está rodando na porta: 3000[39m
19-09-2023 11:02:38 [32minfo[39m: [32mConectou ao banco de dados![39m
19-09-2023 11:02:38 [32minfo[39m: [32mAplicação está rodando na porta: 3000[39m
19-09-2023 11:04:42 [35mhttp[39m: [35mPOST /api/movie 201 173 - 176.366 ms[39m
[35m[39m
19-09-2023 11:18:21 [32minfo[39m: [32mConectou ao banco de dados![39m
19-09-2023 11:18:21 [32minfo[39m: [32mAplicação está rodando na porta: 3000[39m
19-09-2023 16:11:40 [31merror[39m: [31mErro ao conectar ao banco de dados![39m
19-09-2023 16:15:50 [31merror[39m: [31mErro ao conectar ao banco de dados![39m
19-09-2023 16:16:53 [31merror[39m: [31mErro ao conectar ao banco de dados![39m
19-09-2023 16:24:29 [31merror[39m: [31mErro ao conectar ao banco de dados![39m
19-09-2023 16:26:14 [31merror[39m: [31mErro ao conectar ao banco de dados![39m
19-09-2023 16:29:12 [32minfo[39m: [32mConectou ao banco de dados![39m
19-09-2023 16:29:12 [32minfo[39m: [32mAplicação está rodando na porta: 3000[39m
19-09-2023 16:30:35 [32minfo[39m: [32mConectou ao banco de dados![39m
19-09-2023 16:30:35 [32minfo[39m: [32mAplicação está rodando na porta: 3000[39m
19-09-2023 16:33:05 [32minfo[39m: [32mConectou ao banco de dados![39m
19-09-2023 16:33:05 [32minfo[39m: [32mAplicação está rodando na porta: 3000[39m
19-09-2023 16:35:03 [32minfo[39m: [32mConectou ao banco de dados![39m
19-09-2023 16:35:03 [32minfo[39m: [32mAplicação está rodando na porta: 3000[39m
19-09-2023 16:35:33 [31merror[39m: [31mErro no sistema: Operation `movies.insertOne()` buffering timed out after 10000ms[39m
19-09-2023 16:38:50 [31merror[39m: [31mErro ao conectar ao banco de dados![39m
19-09-2023 16:41:17 [32minfo[39m: [32mConectou ao banco de dados![39m
19-09-2023 16:41:17 [32minfo[39m: [32mAplicação está rodando na porta: 3000[39m
19-09-2023 16:43:42 [31merror[39m: [31mErro ao conectar ao banco de dados![39m
19-09-2023 16:48:18 [32minfo[39m: [32mConectou ao banco de dados![39m
19-09-2023 16:48:18 [32minfo[39m: [32mAplicação está rodando na porta: 3000[39m
19-09-2023 16:53:06 [35mhttp[39m: [35mPOST /api/movie 201 173 - 191.891 ms[39m
[35m[39m
24-09-2023 08:58:30 [32minfo[39m: [32mConectou ao banco de dados![39m
24-09-2023 08:58:30 [32minfo[39m: [32mAplicação está rodando na porta: 3000[39m
24-09-2023 08:59:30 [35mhttp[39m: [35mPOST /api/movie 201 173 - 177.605 ms[39m
[35m[39m
24-09-2023 09:09:56 [35mhttp[39m: [35mPOST /api/movie 201 156 - 168.606 ms[39m
[35m[39m
24-09-2023 09:20:12 [32minfo[39m: [32mConectou ao banco de dados![39m
24-09-2023 09:20:12 [32minfo[39m: [32mAplicação está rodando na porta: 3000[39m
24-09-2023 09:21:55 [32minfo[39m: [32mConectou ao banco de dados![39m
24-09-2023 09:21:55 [32minfo[39m: [32mAplicação está rodando na porta: 3000[39m
24-09-2023 09:24:48 [32minfo[39m: [32mConectou ao banco de dados![39m
24-09-2023 09:24:48 [32minfo[39m: [32mAplicação está rodando na porta: 3000[39m
24-09-2023 09:25:17 [35mhttp[39m: [35mPOST /api/movie 422 139 - 8.567 ms[39m
[35m[39m
24-09-2023 09:27:58 [35mhttp[39m: [35mPOST /api/movie 422 58 - 3.861 ms[39m
[35m[39m
24-09-2023 09:28:25 [35mhttp[39m: [35mPOST /api/movie 201 365 - 183.624 ms[39m
[35m[39m
24-09-2023 09:31:16 [35mhttp[39m: [35mPOST /api/movie 201 365 - 169.035 ms[39m
[35m[39m
24-09-2023 09:32:47 [35mhttp[39m: [35mPOST /api/movie 201 365 - 162.051 ms[39m
[35m[39m
24-09-2023 09:35:56 [32minfo[39m: [32mConectou ao banco de dados![39m
24-09-2023 09:35:56 [32minfo[39m: [32mAplicação está rodando na porta: 3000[39m
24-09-2023 09:35:58 [32minfo[39m: [32mConectou ao banco de dados![39m
24-09-2023 09:35:58 [32minfo[39m: [32mAplicação está rodando na porta: 3000[39m
24-09-2023 09:40:27 [32minfo[39m: [32mConectou ao banco de dados![39m
24-09-2023 09:40:27 [32minfo[39m: [32mAplicação está rodando na porta: 3000[39m
24-09-2023 09:40:34 [32minfo[39m: [32mConectou ao banco de dados![39m
24-09-2023 09:40:34 [32minfo[39m: [32mAplicação está rodando na porta: 3000[39m
24-09-2023 09:40:45 [32minfo[39m: [32mConectou ao banco de dados![39m
24-09-2023 09:40:45 [32minfo[39m: [32mAplicação está rodando na porta: 3000[39m
24-09-2023 09:40:57 [35mhttp[39m: [35mGET /api//movie/65102c6f648120ba8ede15c9 404 34 - 164.239 ms[39m
[35m[39m
24-09-2023 09:42:09 [32minfo[39m: [32mConectou ao banco de dados![39m
24-09-2023 09:42:09 [32minfo[39m: [32mAplicação está rodando na porta: 3000[39m
24-09-2023 09:42:25 [35mhttp[39m: [35mGET /api//movie/65102c6f648120ba8ede15c7 200 365 - 167.532 ms[39m
[35m[39m
24-09-2023 09:46:10 [32minfo[39m: [32mConectou ao banco de dados![39m
24-09-2023 09:46:10 [32minfo[39m: [32mAplicação está rodando na porta: 3000[39m
24-09-2023 09:46:26 [32minfo[39m: [32mConectou ao banco de dados![39m
24-09-2023 09:46:26 [32minfo[39m: [32mAplicação está rodando na porta: 3000[39m
24-09-2023 09:46:55 [35mhttp[39m: [35mGET /api//movie 200 1778 - 167.682 ms[39m
[35m[39m
24-09-2023 09:51:22 [32minfo[39m: [32mConectou ao banco de dados![39m
24-09-2023 09:51:22 [32minfo[39m: [32mAplicação está rodando na porta: 3000[39m
24-09-2023 09:51:26 [32minfo[39m: [32mConectou ao banco de dados![39m
24-09-2023 09:51:26 [32minfo[39m: [32mAplicação está rodando na porta: 3000[39m
24-09-2023 09:51:43 [32minfo[39m: [32mConectou ao banco de dados![39m
24-09-2023 09:51:43 [32minfo[39m: [32mAplicação está rodando na porta: 3000[39m
24-09-2023 09:52:18 [32minfo[39m: [32mConectou ao banco de dados![39m
24-09-2023 09:52:18 [32minfo[39m: [32mAplicação está rodando na porta: 3000[39m
24-09-2023 09:52:54 [32minfo[39m: [32mConectou ao banco de dados![39m
24-09-2023 09:52:54 [32minfo[39m: [32mAplicação está rodando na porta: 3000[39m
24-09-2023 09:53:26 [32minfo[39m: [32mConectou ao banco de dados![39m
24-09-2023 09:53:26 [32minfo[39m: [32mAplicação está rodando na porta: 3000[39m
24-09-2023 09:54:49 [35mhttp[39m: [35mDELETE /api//movie/65102c14648120ba8ede15c5 - - - - ms[39m
[35m[39m
24-09-2023 09:54:55 [35mhttp[39m: [35mDELETE /api/movie/65102c14648120ba8ede15c5 404 34 - 153.213 ms[39m
[35m[39m
24-09-2023 09:56:17 [35mhttp[39m: [35mDELETE /api/movie/65102b68648120ba8ede15c3 - - - - ms[39m
[35m[39m
24-09-2023 09:57:41 [32minfo[39m: [32mConectou ao banco de dados![39m
24-09-2023 09:57:41 [32minfo[39m: [32mAplicação está rodando na porta: 3000[39m
24-09-2023 09:58:01 [35mhttp[39m: [35mDELETE /api/movie/65102b68648120ba8ede15c3 404 34 - 163.154 ms[39m
[35m[39m
24-09-2023 09:58:16 [35mhttp[39m: [35mDELETE /api/movie/65102714019f5fab99f790cc 200 41 - 315.407 ms[39m
[35m[39m
24-09-2023 10:03:56 [32minfo[39m: [32mConectou ao banco de dados![39m
24-09-2023 10:03:56 [32minfo[39m: [32mAplicação está rodando na porta: 3000[39m
24-09-2023 10:04:47 [32minfo[39m: [32mConectou ao banco de dados![39m
24-09-2023 10:04:47 [32minfo[39m: [32mAplicação está rodando na porta: 3000[39m
24-09-2023 10:05:46 [32minfo[39m: [32mConectou ao banco de dados![39m
24-09-2023 10:05:46 [32minfo[39m: [32mAplicação está rodando na porta: 3000[39m
24-09-2023 10:06:32 [32minfo[39m: [32mConectou ao banco de dados![39m
24-09-2023 10:06:32 [32minfo[39m: [32mAplicação está rodando na porta: 3000[39m
24-09-2023 10:06:42 [32minfo[39m: [32mConectou ao banco de dados![39m
24-09-2023 10:06:42 [32minfo[39m: [32mAplicação está rodando na porta: 3000[39m
24-09-2023 10:07:55 [32minfo[39m: [32mConectou ao banco de dados![39m
24-09-2023 10:07:55 [32minfo[39m: [32mAplicação está rodando na porta: 3000[39m
24-09-2023 10:10:22 [35mhttp[39m: [35mPATCH /api/movie/65102c6f648120ba8ede15c7 200 367 - 358.934 ms[39m
[35m[39m
24-09-2023 10:10:31 [35mhttp[39m: [35mPATCH /api/movie/65102c6f648120ba8ede15c7 422 113 - 5.839 ms[39m
[35m[39m
24-09-2023 10:10:35 [35mhttp[39m: [35mPATCH /api/movie/65102c6f648120ba8ede15c7 200 367 - 323.099 ms[39m
[35m[39m
